c:\users\student\documents\3rd year\advancedgraphics\lab5\lab #5\lab# 5\project\x64\release\vc141.pdb
c:\users\student\documents\3rd year\advancedgraphics\lab5\lab #5\lab# 5\project\x64\release\litcolumnsapp.obj
c:\users\student\documents\3rd year\advancedgraphics\lab5\lab #5\lab# 5\project\x64\release\frameresource.obj
c:\users\student\documents\3rd year\advancedgraphics\lab5\lab #5\lab# 5\project\x64\release\mathhelper.obj
c:\users\student\documents\3rd year\advancedgraphics\lab5\lab #5\lab# 5\project\x64\release\geometrygenerator.obj
c:\users\student\documents\3rd year\advancedgraphics\lab5\lab #5\lab# 5\project\x64\release\gametimer.obj
c:\users\student\documents\3rd year\advancedgraphics\lab5\lab #5\lab# 5\project\x64\release\ddstextureloader.obj
c:\users\student\documents\3rd year\advancedgraphics\lab5\lab #5\lab# 5\project\x64\release\d3dutil.obj
c:\users\student\documents\3rd year\advancedgraphics\lab5\lab #5\lab# 5\project\x64\release\d3dapp.obj
c:\users\student\documents\3rd year\advancedgraphics\assignment #1\lab #5\lab# 5\project\x64\release\vc141.pdb
c:\users\student\documents\3rd year\advancedgraphics\assignment #1\lab #5\lab# 5\project\x64\release\litcolumnsapp.obj
c:\users\student\documents\3rd year\advancedgraphics\assignment #1\lab #5\lab# 5\project\x64\release\frameresource.obj
c:\users\student\documents\3rd year\advancedgraphics\assignment #1\lab #5\lab# 5\project\x64\release\mathhelper.obj
c:\users\student\documents\3rd year\advancedgraphics\assignment #1\lab #5\lab# 5\project\x64\release\geometrygenerator.obj
c:\users\student\documents\3rd year\advancedgraphics\assignment #1\lab #5\lab# 5\project\x64\release\gametimer.obj
c:\users\student\documents\3rd year\advancedgraphics\assignment #1\lab #5\lab# 5\project\x64\release\ddstextureloader.obj
c:\users\student\documents\3rd year\advancedgraphics\assignment #1\lab #5\lab# 5\project\x64\release\d3dutil.obj
c:\users\student\documents\3rd year\advancedgraphics\assignment #1\lab #5\lab# 5\project\x64\release\d3dapp.obj
c:\users\student\desktop\assignment #1\lab #5\lab# 5\project\x64\release\vc141.pdb
c:\users\student\desktop\assignment #1\lab #5\lab# 5\project\x64\release\litcolumnsapp.obj
c:\users\student\desktop\assignment #1\lab #5\lab# 5\project\x64\release\frameresource.obj
c:\users\student\desktop\assignment #1\lab #5\lab# 5\project\x64\release\mathhelper.obj
c:\users\student\desktop\assignment #1\lab #5\lab# 5\project\x64\release\geometrygenerator.obj
c:\users\student\desktop\assignment #1\lab #5\lab# 5\project\x64\release\gametimer.obj
c:\users\student\desktop\assignment #1\lab #5\lab# 5\project\x64\release\ddstextureloader.obj
c:\users\student\desktop\assignment #1\lab #5\lab# 5\project\x64\release\d3dutil.obj
c:\users\student\desktop\assignment #1\lab #5\lab# 5\project\x64\release\d3dapp.obj
c:\users\student\documents\directxgraphicsgit\assigment #1\lab# 5\project\x64\release\vc141.pdb
c:\users\student\documents\directxgraphicsgit\assigment #1\lab# 5\project\x64\release\litcolumnsapp.obj
c:\users\student\documents\directxgraphicsgit\assigment #1\lab# 5\project\x64\release\frameresource.obj
c:\users\student\documents\directxgraphicsgit\assigment #1\lab# 5\project\x64\release\mathhelper.obj
c:\users\student\documents\directxgraphicsgit\assigment #1\lab# 5\project\x64\release\geometrygenerator.obj
c:\users\student\documents\directxgraphicsgit\assigment #1\lab# 5\project\x64\release\gametimer.obj
c:\users\student\documents\directxgraphicsgit\assigment #1\lab# 5\project\x64\release\ddstextureloader.obj
c:\users\student\documents\directxgraphicsgit\assigment #1\lab# 5\project\x64\release\d3dutil.obj
c:\users\student\documents\directxgraphicsgit\assigment #1\lab# 5\project\x64\release\d3dapp.obj
c:\users\student\documents\3rd year\advancedgraphics\lab5\lab #5\lab# 5\project\x64\release\litcolumns.exe
c:\users\student\documents\3rd year\advancedgraphics\lab5\lab #5\lab# 5\project\x64\release\litcolumns.pdb
c:\users\student\documents\3rd year\advancedgraphics\assignment #1\lab #5\lab# 5\project\x64\release\litcolumns.exe
c:\users\student\documents\3rd year\advancedgraphics\assignment #1\lab #5\lab# 5\project\x64\release\litcolumns.pdb
c:\users\student\desktop\assignment #1\lab #5\lab# 5\project\x64\release\litcolumns.exe
c:\users\student\desktop\assignment #1\lab #5\lab# 5\project\x64\release\litcolumns.pdb
c:\users\student\documents\directxgraphicsgit\assigment #1\lab# 5\project\x64\release\litcolumns.exe
c:\users\student\documents\directxgraphicsgit\assigment #1\lab# 5\project\x64\release\litcolumns.pdb
c:\users\student\documents\3rd year\advancedgraphics\lab5\lab #5\lab# 5\project\x64\release\litcolumns.ipdb
c:\users\student\documents\3rd year\advancedgraphics\lab5\lab #5\lab# 5\project\x64\release\litcolumns.iobj
c:\users\student\documents\3rd year\advancedgraphics\assignment #1\lab #5\lab# 5\project\x64\release\litcolumns.ipdb
c:\users\student\documents\3rd year\advancedgraphics\assignment #1\lab #5\lab# 5\project\x64\release\litcolumns.iobj
c:\users\student\desktop\assignment #1\lab #5\lab# 5\project\x64\release\litcolumns.ipdb
c:\users\student\desktop\assignment #1\lab #5\lab# 5\project\x64\release\litcolumns.iobj
c:\users\student\documents\directxgraphicsgit\assigment #1\lab# 5\project\x64\release\litcolumns.ipdb
c:\users\student\documents\directxgraphicsgit\assigment #1\lab# 5\project\x64\release\litcolumns.iobj
c:\users\student\documents\directxgraphicsgit\assigment #1\lab# 5\project\x64\release\litcolumns.tlog\cl.command.1.tlog
c:\users\student\documents\directxgraphicsgit\assigment #1\lab# 5\project\x64\release\litcolumns.tlog\cl.read.1.tlog
c:\users\student\documents\directxgraphicsgit\assigment #1\lab# 5\project\x64\release\litcolumns.tlog\cl.write.1.tlog
c:\users\student\documents\directxgraphicsgit\assigment #1\lab# 5\project\x64\release\litcolumns.tlog\link.command.1.tlog
c:\users\student\documents\directxgraphicsgit\assigment #1\lab# 5\project\x64\release\litcolumns.tlog\link.read.1.tlog
c:\users\student\documents\directxgraphicsgit\assigment #1\lab# 5\project\x64\release\litcolumns.tlog\link.write.1.tlog
c:\users\student\documents\directxgraphicsgit\assigment #1\lab# 5\project\x64\release\litcolumns.tlog\litcolumns.write.1u.tlog
